<?xml version="1.0" encoding="UTF-8"?>
<coverage generated="1714995178858" clover="3.2.0">
  <project timestamp="1714995178859" name="All files">
    <metrics statements="98" coveredstatements="87" conditionals="40" coveredconditionals="33" methods="43" coveredmethods="34" elements="181" coveredelements="154" complexity="0" loc="98" ncloc="98" packages="7" files="7" classes="7"/>
    <package name="components.Select">
      <metrics statements="17" coveredstatements="16" conditionals="16" coveredconditionals="15" methods="8" coveredmethods="7"/>
      <file name="index.js" path="C:\Users\steph\Documents\GitHub\724events\src\components\Select\index.js">
        <metrics statements="17" coveredstatements="16" conditionals="16" coveredconditionals="15" methods="8" coveredmethods="7"/>
        <line num="8" count="4" type="stmt"/>
        <line num="16" count="27" type="stmt"/>
        <line num="17" count="27" type="stmt"/>
        <line num="18" count="27" type="stmt"/>
        <line num="19" count="3" type="stmt"/>
        <line num="20" count="3" type="stmt"/>
        <line num="21" count="3" type="stmt"/>
        <line num="23" count="27" type="stmt"/>
        <line num="34" count="1" type="stmt"/>
        <line num="40" count="8" type="stmt"/>
        <line num="58" count="4" type="stmt"/>
        <line num="59" count="4" type="stmt"/>
        <line num="69" count="4" type="stmt"/>
        <line num="70" count="27" type="stmt"/>
        <line num="84" count="4" type="stmt"/>
        <line num="93" count="4" type="stmt"/>
        <line num="94" count="0" type="stmt"/>
      </file>
    </package>
    <package name="containers.Events">
      <metrics statements="21" coveredstatements="20" conditionals="10" coveredconditionals="8" methods="10" coveredmethods="8"/>
      <file name="index.js" path="C:\Users\steph\Documents\GitHub\724events\src\containers\Events\index.js">
        <metrics statements="21" coveredstatements="20" conditionals="10" coveredconditionals="8" methods="10" coveredmethods="8"/>
        <line num="10" count="2" type="stmt"/>
        <line num="12" count="2" type="stmt"/>
        <line num="13" count="10" type="stmt"/>
        <line num="14" count="8" type="stmt"/>
        <line num="15" count="8" type="stmt"/>
        <line num="18" count="8" type="stmt"/>
        <line num="20" count="8" type="stmt"/>
        <line num="24" count="8" type="cond" truecount="4" falsecount="0"/>
        <line num="25" count="2" type="stmt"/>
        <line num="29" count="8" type="stmt"/>
        <line num="31" count="8" type="stmt"/>
        <line num="33" count="1" type="stmt"/>
        <line num="34" count="1" type="stmt"/>
        <line num="38" count="8" type="stmt"/>
        <line num="39" count="8" type="stmt"/>
        <line num="41" count="8" type="stmt"/>
        <line num="51" count="1" type="cond" truecount="1" falsecount="1"/>
        <line num="55" count="3" type="stmt"/>
        <line num="57" count="3" type="stmt"/>
        <line num="58" count="0" type="stmt"/>
        <line num="71" count="2" type="stmt"/>
      </file>
    </package>
    <package name="containers.Form">
      <metrics statements="18" coveredstatements="12" conditionals="2" coveredconditionals="2" methods="7" coveredmethods="4"/>
      <file name="index.js" path="C:\Users\steph\Documents\GitHub\724events\src\containers\Form\index.js">
        <metrics statements="18" coveredstatements="12" conditionals="2" coveredconditionals="2" methods="7" coveredmethods="4"/>
        <line num="7" count="2" type="stmt"/>
        <line num="9" count="2" type="stmt"/>
        <line num="10" count="9" type="stmt"/>
        <line num="11" count="9" type="stmt"/>
        <line num="13" count="2" type="stmt"/>
        <line num="14" count="2" type="stmt"/>
        <line num="16" count="2" type="stmt"/>
        <line num="17" count="2" type="stmt"/>
        <line num="18" count="2" type="stmt"/>
        <line num="19" count="0" type="stmt"/>
        <line num="21" count="0" type="stmt"/>
        <line num="22" count="0" type="stmt"/>
        <line num="27" count="9" type="stmt"/>
        <line num="35" count="0" type="stmt"/>
        <line num="57" count="2" type="stmt"/>
        <line num="62" count="2" type="stmt"/>
        <line num="63" count="0" type="stmt"/>
        <line num="64" count="0" type="stmt"/>
      </file>
    </package>
    <package name="containers.Slider">
      <metrics statements="13" coveredstatements="13" conditionals="6" coveredconditionals="4" methods="7" coveredmethods="6"/>
      <file name="index.js" path="C:\Users\steph\Documents\GitHub\724events\src\containers\Slider\index.js">
        <metrics statements="13" coveredstatements="13" conditionals="6" coveredconditionals="4" methods="7" coveredmethods="6"/>
        <line num="7" count="2" type="stmt"/>
        <line num="8" count="7" type="stmt"/>
        <line num="9" count="7" type="stmt"/>
        <line num="10" count="7" type="stmt"/>
        <line num="12" count="3" type="cond" truecount="2" falsecount="0"/>
        <line num="16" count="7" type="stmt"/>
        <line num="18" count="7" type="stmt"/>
        <line num="20" count="7" type="cond" truecount="0" falsecount="2"/>
        <line num="22" count="7" type="stmt"/>
        <line num="23" count="7" type="stmt"/>
        <line num="25" count="7" type="stmt"/>
        <line num="28" count="3" type="stmt"/>
        <line num="49" count="3" type="stmt"/>
      </file>
    </package>
    <package name="contexts.DataContext">
      <metrics statements="21" coveredstatements="19" conditionals="4" coveredconditionals="3" methods="6" coveredmethods="5"/>
      <file name="index.js" path="C:\Users\steph\Documents\GitHub\724events\src\contexts\DataContext\index.js">
        <metrics statements="21" coveredstatements="19" conditionals="4" coveredconditionals="3" methods="6" coveredmethods="5"/>
        <line num="10" count="4" type="stmt"/>
        <line num="12" count="4" type="stmt"/>
        <line num="14" count="0" type="stmt"/>
        <line num="15" count="0" type="stmt"/>
        <line num="19" count="4" type="stmt"/>
        <line num="20" count="9" type="stmt"/>
        <line num="21" count="9" type="stmt"/>
        <line num="22" count="9" type="stmt"/>
        <line num="23" count="6" type="stmt"/>
        <line num="24" count="6" type="stmt"/>
        <line num="26" count="2" type="stmt"/>
        <line num="29" count="9" type="stmt"/>
        <line num="30" count="9" type="cond" truecount="2" falsecount="0"/>
        <line num="31" count="6" type="stmt"/>
        <line num="34" count="9" type="stmt"/>
        <line num="35" count="9" type="stmt"/>
        <line num="36" count="1" type="cond" truecount="1" falsecount="1"/>
        <line num="38" count="9" type="stmt"/>
        <line num="40" count="9" type="stmt"/>
        <line num="54" count="4" type="stmt"/>
        <line num="58" count="28" type="stmt"/>
      </file>
    </package>
    <package name="helpers.Date">
      <metrics statements="2" coveredstatements="2" conditionals="0" coveredconditionals="0" methods="1" coveredmethods="1"/>
      <file name="index.js" path="C:\Users\steph\Documents\GitHub\724events\src\helpers\Date\index.js">
        <metrics statements="2" coveredstatements="2" conditionals="0" coveredconditionals="0" methods="1" coveredmethods="1"/>
        <line num="1" count="5" type="stmt"/>
        <line num="16" count="12" type="stmt"/>
      </file>
    </package>
    <package name="pages.Home">
      <metrics statements="6" coveredstatements="5" conditionals="2" coveredconditionals="1" methods="4" coveredmethods="3"/>
      <file name="index.js" path="C:\Users\steph\Documents\GitHub\724events\src\pages\Home\index.js">
        <metrics statements="6" coveredstatements="5" conditionals="2" coveredconditionals="1" methods="4" coveredmethods="3"/>
        <line num="15" count="1" type="stmt"/>
        <line num="16" count="6" type="stmt"/>
        <line num="17" count="5" type="stmt"/>
        <line num="108" count="6" type="stmt"/>
        <line num="109" count="1" type="stmt"/>
        <line num="110" count="0" type="stmt"/>
      </file>
    </package>
  </project>
</coverage>
