{"C:\\Users\\steph\\Documents\\GitHub\\724events\\src\\components\\Select\\index.js": {"path":"C:\\Users\\steph\\Documents\\GitHub\\724events\\src\\components\\Select\\index.js","statementMap":{"0":{"start":{"line":8,"column":15},"end":{"line":67,"column":1}},"1":{"start":{"line":16,"column":28},"end":{"line":16,"column":38}},"2":{"start":{"line":17,"column":36},"end":{"line":17,"column":50}},"3":{"start":{"line":18,"column":22},"end":{"line":22,"column":3}},"4":{"start":{"line":19,"column":4},"end":{"line":19,"column":23}},"5":{"start":{"line":20,"column":4},"end":{"line":20,"column":23}},"6":{"start":{"line":21,"column":4},"end":{"line":21,"column":29}},"7":{"start":{"line":23,"column":2},"end":{"line":66,"column":4}},"8":{"start":{"line":34,"column":35},"end":{"line":34,"column":52}},"9":{"start":{"line":40,"column":16},"end":{"line":47,"column":21}},"10":{"start":{"line":40,"column":43},"end":{"line":40,"column":57}},"11":{"start":{"line":58,"column":12},"end":{"line":58,"column":31}},"12":{"start":{"line":59,"column":12},"end":{"line":59,"column":37}},"13":{"start":{"line":69,"column":14},"end":{"line":82,"column":1}},"14":{"start":{"line":70,"column":2},"end":{"line":81,"column":8}},"15":{"start":{"line":84,"column":0},"end":{"line":91,"column":1}},"16":{"start":{"line":93,"column":0},"end":{"line":99,"column":1}},"17":{"start":{"line":94,"column":18},"end":{"line":94,"column":22}}},"fnMap":{"0":{"name":"(anonymous_0)","decl":{"start":{"line":8,"column":15},"end":{"line":8,"column":16}},"loc":{"start":{"line":15,"column":6},"end":{"line":67,"column":1}},"line":15},"1":{"name":"(anonymous_1)","decl":{"start":{"line":18,"column":22},"end":{"line":18,"column":23}},"loc":{"start":{"line":18,"column":36},"end":{"line":22,"column":3}},"line":18},"2":{"name":"(anonymous_2)","decl":{"start":{"line":34,"column":29},"end":{"line":34,"column":30}},"loc":{"start":{"line":34,"column":35},"end":{"line":34,"column":52}},"line":34},"3":{"name":"(anonymous_3)","decl":{"start":{"line":39,"column":29},"end":{"line":39,"column":30}},"loc":{"start":{"line":40,"column":16},"end":{"line":47,"column":21}},"line":40},"4":{"name":"(anonymous_4)","decl":{"start":{"line":40,"column":37},"end":{"line":40,"column":38}},"loc":{"start":{"line":40,"column":43},"end":{"line":40,"column":57}},"line":40},"5":{"name":"(anonymous_5)","decl":{"start":{"line":57,"column":19},"end":{"line":57,"column":20}},"loc":{"start":{"line":57,"column":26},"end":{"line":60,"column":11}},"line":57},"6":{"name":"(anonymous_6)","decl":{"start":{"line":69,"column":14},"end":{"line":69,"column":15}},"loc":{"start":{"line":70,"column":2},"end":{"line":81,"column":8}},"line":70},"7":{"name":"(anonymous_7)","decl":{"start":{"line":94,"column":12},"end":{"line":94,"column":13}},"loc":{"start":{"line":94,"column":18},"end":{"line":94,"column":22}},"line":94}},"branchMap":{"0":{"loc":{"start":{"line":14,"column":2},"end":{"line":14,"column":17}},"type":"default-arg","locations":[{"start":{"line":14,"column":9},"end":{"line":14,"column":17}}],"line":14},"1":{"loc":{"start":{"line":25,"column":7},"end":{"line":25,"column":52}},"type":"binary-expr","locations":[{"start":{"line":25,"column":7},"end":{"line":25,"column":12}},{"start":{"line":25,"column":16},"end":{"line":25,"column":52}}],"line":25},"2":{"loc":{"start":{"line":28,"column":25},"end":{"line":28,"column":78}},"type":"cond-expr","locations":[{"start":{"line":28,"column":37},"end":{"line":28,"column":56}},{"start":{"line":28,"column":59},"end":{"line":28,"column":78}}],"line":28},"3":{"loc":{"start":{"line":29,"column":13},"end":{"line":29,"column":47}},"type":"binary-expr","locations":[{"start":{"line":29,"column":13},"end":{"line":29,"column":18}},{"start":{"line":29,"column":23},"end":{"line":29,"column":34}},{"start":{"line":29,"column":38},"end":{"line":29,"column":46}}],"line":29},"4":{"loc":{"start":{"line":31,"column":11},"end":{"line":50,"column":11}},"type":"binary-expr","locations":[{"start":{"line":31,"column":11},"end":{"line":31,"column":21}},{"start":{"line":32,"column":12},"end":{"line":49,"column":15}}],"line":31},"5":{"loc":{"start":{"line":33,"column":15},"end":{"line":38,"column":15}},"type":"binary-expr","locations":[{"start":{"line":33,"column":15},"end":{"line":33,"column":26}},{"start":{"line":34,"column":16},"end":{"line":37,"column":21}}],"line":33},"6":{"loc":{"start":{"line":52,"column":36},"end":{"line":52,"column":47}},"type":"binary-expr","locations":[{"start":{"line":52,"column":36},"end":{"line":52,"column":41}},{"start":{"line":52,"column":45},"end":{"line":52,"column":47}}],"line":52},"7":{"loc":{"start":{"line":56,"column":21},"end":{"line":56,"column":49}},"type":"cond-expr","locations":[{"start":{"line":56,"column":33},"end":{"line":56,"column":39}},{"start":{"line":56,"column":42},"end":{"line":56,"column":49}}],"line":56}},"s":{"0":4,"1":27,"2":27,"3":27,"4":3,"5":3,"6":3,"7":27,"8":1,"9":8,"10":2,"11":4,"12":4,"13":4,"14":27,"15":4,"16":4,"17":0},"f":{"0":27,"1":3,"2":1,"3":8,"4":2,"5":4,"6":27,"7":0},"b":{"0":[0],"1":[27,10],"2":[23,4],"3":[27,24,15],"4":[27,4],"5":[4,4],"6":[27,24],"7":[23,4]},"_coverageSchema":"1a1c01bbd47fc00a2c39e90264f33305004495a9","hash":"33181bdb3437f953a668fe6aa4d5ab95e0b642c7"}
,"C:\\Users\\steph\\Documents\\GitHub\\724events\\src\\containers\\Events\\index.js": {"path":"C:\\Users\\steph\\Documents\\GitHub\\724events\\src\\containers\\Events\\index.js","statementMap":{"0":{"start":{"line":10,"column":16},"end":{"line":10,"column":17}},"1":{"start":{"line":12,"column":18},"end":{"line":80,"column":1}},"2":{"start":{"line":13,"column":26},"end":{"line":13,"column":35}},"3":{"start":{"line":14,"column":26},"end":{"line":14,"column":36}},"4":{"start":{"line":15,"column":40},"end":{"line":15,"column":51}},"5":{"start":{"line":18,"column":19},"end":{"line":18,"column":46}},"6":{"start":{"line":20,"column":17},"end":{"line":20,"column":38}},"7":{"start":{"line":24,"column":4},"end":{"line":26,"column":27}},"8":{"start":{"line":25,"column":39},"end":{"line":25,"column":58}},"9":{"start":{"line":29,"column":26},"end":{"line":29,"column":64}},"10":{"start":{"line":31,"column":21},"end":{"line":35,"column":3}},"11":{"start":{"line":33,"column":4},"end":{"line":33,"column":22}},"12":{"start":{"line":34,"column":4},"end":{"line":34,"column":21}},"13":{"start":{"line":38,"column":21},"end":{"line":38,"column":63}},"14":{"start":{"line":39,"column":19},"end":{"line":39,"column":67}},"15":{"start":{"line":39,"column":55},"end":{"line":39,"column":65}},"16":{"start":{"line":41,"column":2},"end":{"line":79,"column":4}},"17":{"start":{"line":51,"column":34},"end":{"line":51,"column":78}},"18":{"start":{"line":55,"column":14},"end":{"line":65,"column":22}},"19":{"start":{"line":57,"column":18},"end":{"line":63,"column":20}},"20":{"start":{"line":58,"column":35},"end":{"line":58,"column":52}},"21":{"start":{"line":71,"column":14},"end":{"line":73,"column":18}},"22":{"start":{"line":71,"column":59},"end":{"line":71,"column":80}}},"fnMap":{"0":{"name":"(anonymous_0)","decl":{"start":{"line":12,"column":18},"end":{"line":12,"column":19}},"loc":{"start":{"line":12,"column":24},"end":{"line":80,"column":1}},"line":12},"1":{"name":"(anonymous_1)","decl":{"start":{"line":25,"column":28},"end":{"line":25,"column":29}},"loc":{"start":{"line":25,"column":39},"end":{"line":25,"column":58}},"line":25},"2":{"name":"(anonymous_2)","decl":{"start":{"line":31,"column":21},"end":{"line":31,"column":22}},"loc":{"start":{"line":31,"column":34},"end":{"line":35,"column":3}},"line":31},"3":{"name":"(anonymous_3)","decl":{"start":{"line":39,"column":44},"end":{"line":39,"column":45}},"loc":{"start":{"line":39,"column":55},"end":{"line":39,"column":65}},"line":39},"4":{"name":"(anonymous_4)","decl":{"start":{"line":51,"column":22},"end":{"line":51,"column":23}},"loc":{"start":{"line":51,"column":34},"end":{"line":51,"column":78}},"line":51},"5":{"name":"(anonymous_5)","decl":{"start":{"line":54,"column":33},"end":{"line":54,"column":34}},"loc":{"start":{"line":55,"column":14},"end":{"line":65,"column":22}},"line":55},"6":{"name":"(anonymous_6)","decl":{"start":{"line":56,"column":17},"end":{"line":56,"column":18}},"loc":{"start":{"line":57,"column":18},"end":{"line":63,"column":20}},"line":57},"7":{"name":"(anonymous_7)","decl":{"start":{"line":58,"column":29},"end":{"line":58,"column":30}},"loc":{"start":{"line":58,"column":35},"end":{"line":58,"column":52}},"line":58},"8":{"name":"(anonymous_8)","decl":{"start":{"line":69,"column":40},"end":{"line":69,"column":41}},"loc":{"start":{"line":71,"column":14},"end":{"line":73,"column":18}},"line":71},"9":{"name":"(anonymous_9)","decl":{"start":{"line":71,"column":53},"end":{"line":71,"column":54}},"loc":{"start":{"line":71,"column":59},"end":{"line":71,"column":80}},"line":71}},"branchMap":{"0":{"loc":{"start":{"line":24,"column":4},"end":{"line":26,"column":27}},"type":"binary-expr","locations":[{"start":{"line":24,"column":5},"end":{"line":26,"column":20}},{"start":{"line":26,"column":25},"end":{"line":26,"column":27}}],"line":24},"1":{"loc":{"start":{"line":24,"column":5},"end":{"line":26,"column":20}},"type":"cond-expr","locations":[{"start":{"line":25,"column":8},"end":{"line":25,"column":59}},{"start":{"line":26,"column":8},"end":{"line":26,"column":20}}],"line":24},"2":{"loc":{"start":{"line":43,"column":7},"end":{"line":43,"column":44}},"type":"binary-expr","locations":[{"start":{"line":43,"column":7},"end":{"line":43,"column":12}},{"start":{"line":43,"column":16},"end":{"line":43,"column":44}}],"line":43},"3":{"loc":{"start":{"line":44,"column":7},"end":{"line":77,"column":7}},"type":"cond-expr","locations":[{"start":{"line":45,"column":8},"end":{"line":45,"column":17}},{"start":{"line":47,"column":8},"end":{"line":76,"column":11}}],"line":44},"4":{"loc":{"start":{"line":51,"column":34},"end":{"line":51,"column":78}},"type":"cond-expr","locations":[{"start":{"line":51,"column":42},"end":{"line":51,"column":59}},{"start":{"line":51,"column":62},"end":{"line":51,"column":78}}],"line":51}},"s":{"0":2,"1":2,"2":10,"3":8,"4":8,"5":8,"6":8,"7":8,"8":2,"9":8,"10":8,"11":1,"12":1,"13":8,"14":8,"15":4,"16":8,"17":1,"18":3,"19":3,"20":0,"21":2,"22":0},"f":{"0":10,"1":2,"2":1,"3":4,"4":1,"5":3,"6":3,"7":0,"8":2,"9":0},"b":{"0":[8,6],"1":[1,7],"2":[8,0],"3":[1,7],"4":[1,0]},"_coverageSchema":"1a1c01bbd47fc00a2c39e90264f33305004495a9","hash":"bfceb35eb871df802260918b2e0321b72cc5f452"}
,"C:\\Users\\steph\\Documents\\GitHub\\724events\\src\\containers\\Form\\index.js": {"path":"C:\\Users\\steph\\Documents\\GitHub\\724events\\src\\containers\\Form\\index.js","statementMap":{"0":{"start":{"line":7,"column":23},"end":{"line":7,"column":85}},"1":{"start":{"line":7,"column":29},"end":{"line":7,"column":85}},"2":{"start":{"line":7,"column":56},"end":{"line":7,"column":82}},"3":{"start":{"line":9,"column":13},"end":{"line":55,"column":1}},"4":{"start":{"line":10,"column":32},"end":{"line":10,"column":47}},"5":{"start":{"line":11,"column":22},"end":{"line":26,"column":3}},"6":{"start":{"line":13,"column":6},"end":{"line":13,"column":27}},"7":{"start":{"line":14,"column":6},"end":{"line":14,"column":23}},"8":{"start":{"line":16,"column":6},"end":{"line":16,"column":18}},"9":{"start":{"line":17,"column":6},"end":{"line":23,"column":7}},"10":{"start":{"line":18,"column":8},"end":{"line":18,"column":31}},"11":{"start":{"line":19,"column":8},"end":{"line":19,"column":26}},"12":{"start":{"line":21,"column":8},"end":{"line":21,"column":26}},"13":{"start":{"line":22,"column":8},"end":{"line":22,"column":21}},"14":{"start":{"line":27,"column":2},"end":{"line":54,"column":4}},"15":{"start":{"line":35,"column":28},"end":{"line":35,"column":32}},"16":{"start":{"line":57,"column":0},"end":{"line":60,"column":1}},"17":{"start":{"line":62,"column":0},"end":{"line":65,"column":1}},"18":{"start":{"line":63,"column":17},"end":{"line":63,"column":21}},"19":{"start":{"line":64,"column":19},"end":{"line":64,"column":23}}},"fnMap":{"0":{"name":"(anonymous_0)","decl":{"start":{"line":7,"column":23},"end":{"line":7,"column":24}},"loc":{"start":{"line":7,"column":29},"end":{"line":7,"column":85}},"line":7},"1":{"name":"(anonymous_1)","decl":{"start":{"line":7,"column":41},"end":{"line":7,"column":42}},"loc":{"start":{"line":7,"column":54},"end":{"line":7,"column":84}},"line":7},"2":{"name":"(anonymous_2)","decl":{"start":{"line":9,"column":13},"end":{"line":9,"column":14}},"loc":{"start":{"line":9,"column":41},"end":{"line":55,"column":1}},"line":9},"3":{"name":"(anonymous_3)","decl":{"start":{"line":12,"column":4},"end":{"line":12,"column":5}},"loc":{"start":{"line":12,"column":19},"end":{"line":24,"column":5}},"line":12},"4":{"name":"(anonymous_4)","decl":{"start":{"line":35,"column":22},"end":{"line":35,"column":23}},"loc":{"start":{"line":35,"column":28},"end":{"line":35,"column":32}},"line":35},"5":{"name":"(anonymous_5)","decl":{"start":{"line":63,"column":11},"end":{"line":63,"column":12}},"loc":{"start":{"line":63,"column":17},"end":{"line":63,"column":21}},"line":63},"6":{"name":"(anonymous_6)","decl":{"start":{"line":64,"column":13},"end":{"line":64,"column":14}},"loc":{"start":{"line":64,"column":19},"end":{"line":64,"column":23}},"line":64}},"branchMap":{"0":{"loc":{"start":{"line":42,"column":13},"end":{"line":42,"column":45}},"type":"cond-expr","locations":[{"start":{"line":42,"column":23},"end":{"line":42,"column":33}},{"start":{"line":42,"column":36},"end":{"line":42,"column":45}}],"line":42}},"s":{"0":2,"1":2,"2":2,"3":2,"4":9,"5":9,"6":2,"7":2,"8":2,"9":2,"10":2,"11":0,"12":0,"13":0,"14":9,"15":0,"16":2,"17":2,"18":0,"19":0},"f":{"0":2,"1":2,"2":9,"3":2,"4":0,"5":0,"6":0},"b":{"0":[2,7]},"_coverageSchema":"1a1c01bbd47fc00a2c39e90264f33305004495a9","hash":"265143215b43d6ac857e982d435520b757f5bd0d"}
,"C:\\Users\\steph\\Documents\\GitHub\\724events\\src\\containers\\Slider\\index.js": {"path":"C:\\Users\\steph\\Documents\\GitHub\\724events\\src\\containers\\Slider\\index.js","statementMap":{"0":{"start":{"line":7,"column":15},"end":{"line":63,"column":1}},"1":{"start":{"line":8,"column":19},"end":{"line":8,"column":28}},"2":{"start":{"line":9,"column":28},"end":{"line":9,"column":39}},"3":{"start":{"line":10,"column":21},"end":{"line":13,"column":3}},"4":{"start":{"line":12,"column":4},"end":{"line":12,"column":54}},"5":{"start":{"line":16,"column":19},"end":{"line":16,"column":37}},"6":{"start":{"line":18,"column":19},"end":{"line":21,"column":3}},"7":{"start":{"line":20,"column":4},"end":{"line":20,"column":75}},"8":{"start":{"line":20,"column":21},"end":{"line":20,"column":67}},"9":{"start":{"line":22,"column":2},"end":{"line":24,"column":5}},"10":{"start":{"line":23,"column":4},"end":{"line":23,"column":15}},"11":{"start":{"line":25,"column":2},"end":{"line":62,"column":4}},"12":{"start":{"line":28,"column":8},"end":{"line":42,"column":14}},"13":{"start":{"line":49,"column":12},"end":{"line":57,"column":14}}},"fnMap":{"0":{"name":"(anonymous_0)","decl":{"start":{"line":7,"column":15},"end":{"line":7,"column":16}},"loc":{"start":{"line":7,"column":21},"end":{"line":63,"column":1}},"line":7},"1":{"name":"(anonymous_1)","decl":{"start":{"line":10,"column":38},"end":{"line":10,"column":39}},"loc":{"start":{"line":12,"column":4},"end":{"line":12,"column":54}},"line":12},"2":{"name":"(anonymous_2)","decl":{"start":{"line":18,"column":19},"end":{"line":18,"column":20}},"loc":{"start":{"line":18,"column":25},"end":{"line":21,"column":3}},"line":18},"3":{"name":"(anonymous_3)","decl":{"start":{"line":20,"column":15},"end":{"line":20,"column":16}},"loc":{"start":{"line":20,"column":21},"end":{"line":20,"column":67}},"line":20},"4":{"name":"(anonymous_4)","decl":{"start":{"line":22,"column":12},"end":{"line":22,"column":13}},"loc":{"start":{"line":22,"column":18},"end":{"line":24,"column":3}},"line":22},"5":{"name":"(anonymous_5)","decl":{"start":{"line":27,"column":23},"end":{"line":27,"column":24}},"loc":{"start":{"line":28,"column":8},"end":{"line":42,"column":14}},"line":28},"6":{"name":"(anonymous_6)","decl":{"start":{"line":48,"column":27},"end":{"line":48,"column":28}},"loc":{"start":{"line":49,"column":12},"end":{"line":57,"column":14}},"line":49}},"branchMap":{"0":{"loc":{"start":{"line":12,"column":4},"end":{"line":12,"column":54}},"type":"cond-expr","locations":[{"start":{"line":12,"column":48},"end":{"line":12,"column":49}},{"start":{"line":12,"column":52},"end":{"line":12,"column":54}}],"line":12},"1":{"loc":{"start":{"line":20,"column":30},"end":{"line":20,"column":66}},"type":"cond-expr","locations":[{"start":{"line":20,"column":53},"end":{"line":20,"column":62}},{"start":{"line":20,"column":65},"end":{"line":20,"column":66}}],"line":20},"2":{"loc":{"start":{"line":31,"column":12},"end":{"line":31,"column":46}},"type":"cond-expr","locations":[{"start":{"line":31,"column":28},"end":{"line":31,"column":37}},{"start":{"line":31,"column":40},"end":{"line":31,"column":46}}],"line":31}},"s":{"0":2,"1":7,"2":7,"3":7,"4":3,"5":7,"6":7,"7":7,"8":0,"9":7,"10":7,"11":7,"12":3,"13":3},"f":{"0":7,"1":3,"2":7,"3":0,"4":7,"5":3,"6":3},"b":{"0":[2,1],"1":[0,0],"2":[1,2]},"_coverageSchema":"1a1c01bbd47fc00a2c39e90264f33305004495a9","hash":"15335b99f947e0505c095da3a77c1e0fa8ad92cc"}
,"C:\\Users\\steph\\Documents\\GitHub\\724events\\src\\contexts\\DataContext\\index.js": {"path":"C:\\Users\\steph\\Documents\\GitHub\\724events\\src\\contexts\\DataContext\\index.js","statementMap":{"0":{"start":{"line":10,"column":20},"end":{"line":10,"column":37}},"1":{"start":{"line":12,"column":19},"end":{"line":17,"column":1}},"2":{"start":{"line":14,"column":17},"end":{"line":14,"column":44}},"3":{"start":{"line":15,"column":4},"end":{"line":15,"column":23}},"4":{"start":{"line":19,"column":28},"end":{"line":52,"column":1}},"5":{"start":{"line":20,"column":28},"end":{"line":20,"column":42}},"6":{"start":{"line":21,"column":26},"end":{"line":21,"column":40}},"7":{"start":{"line":22,"column":18},"end":{"line":28,"column":8}},"8":{"start":{"line":23,"column":4},"end":{"line":27,"column":5}},"9":{"start":{"line":24,"column":6},"end":{"line":24,"column":36}},"10":{"start":{"line":26,"column":6},"end":{"line":26,"column":20}},"11":{"start":{"line":29,"column":2},"end":{"line":32,"column":5}},"12":{"start":{"line":30,"column":4},"end":{"line":30,"column":21}},"13":{"start":{"line":30,"column":14},"end":{"line":30,"column":21}},"14":{"start":{"line":31,"column":4},"end":{"line":31,"column":14}},"15":{"start":{"line":34,"column":17},"end":{"line":34,"column":29}},"16":{"start":{"line":35,"column":23},"end":{"line":37,"column":3}},"17":{"start":{"line":36,"column":4},"end":{"line":36,"column":54}},"18":{"start":{"line":38,"column":15},"end":{"line":38,"column":32}},"19":{"start":{"line":40,"column":2},"end":{"line":51,"column":4}},"20":{"start":{"line":54,"column":0},"end":{"line":56,"column":1}},"21":{"start":{"line":58,"column":23},"end":{"line":58,"column":52}},"22":{"start":{"line":58,"column":29},"end":{"line":58,"column":52}}},"fnMap":{"0":{"name":"(anonymous_0)","decl":{"start":{"line":13,"column":12},"end":{"line":13,"column":13}},"loc":{"start":{"line":13,"column":24},"end":{"line":16,"column":3}},"line":13},"1":{"name":"(anonymous_1)","decl":{"start":{"line":19,"column":28},"end":{"line":19,"column":29}},"loc":{"start":{"line":19,"column":46},"end":{"line":52,"column":1}},"line":19},"2":{"name":"(anonymous_2)","decl":{"start":{"line":22,"column":30},"end":{"line":22,"column":31}},"loc":{"start":{"line":22,"column":42},"end":{"line":28,"column":3}},"line":22},"3":{"name":"(anonymous_3)","decl":{"start":{"line":29,"column":12},"end":{"line":29,"column":13}},"loc":{"start":{"line":29,"column":18},"end":{"line":32,"column":3}},"line":29},"4":{"name":"(anonymous_4)","decl":{"start":{"line":35,"column":36},"end":{"line":35,"column":37}},"loc":{"start":{"line":36,"column":4},"end":{"line":36,"column":54}},"line":36},"5":{"name":"(anonymous_5)","decl":{"start":{"line":58,"column":23},"end":{"line":58,"column":24}},"loc":{"start":{"line":58,"column":29},"end":{"line":58,"column":52}},"line":58}},"branchMap":{"0":{"loc":{"start":{"line":30,"column":4},"end":{"line":30,"column":21}},"type":"if","locations":[{"start":{"line":30,"column":4},"end":{"line":30,"column":21}},{"start":{},"end":{}}],"line":30},"1":{"loc":{"start":{"line":36,"column":4},"end":{"line":36,"column":54}},"type":"cond-expr","locations":[{"start":{"line":36,"column":48},"end":{"line":36,"column":49}},{"start":{"line":36,"column":52},"end":{"line":36,"column":54}}],"line":36}},"s":{"0":4,"1":4,"2":0,"3":0,"4":4,"5":9,"6":9,"7":9,"8":6,"9":6,"10":2,"11":9,"12":9,"13":3,"14":6,"15":9,"16":9,"17":1,"18":9,"19":9,"20":4,"21":4,"22":28},"f":{"0":0,"1":9,"2":6,"3":9,"4":1,"5":28},"b":{"0":[3,6],"1":[0,1]},"_coverageSchema":"1a1c01bbd47fc00a2c39e90264f33305004495a9","hash":"b61539c1339913cd5df94fdcf27af766be05dec4"}
,"C:\\Users\\steph\\Documents\\GitHub\\724events\\src\\helpers\\Date\\index.js": {"path":"C:\\Users\\steph\\Documents\\GitHub\\724events\\src\\helpers\\Date\\index.js","statementMap":{"0":{"start":{"line":1,"column":22},"end":{"line":14,"column":1}},"1":{"start":{"line":16,"column":24},"end":{"line":16,"column":61}},"2":{"start":{"line":16,"column":34},"end":{"line":16,"column":61}}},"fnMap":{"0":{"name":"(anonymous_0)","decl":{"start":{"line":16,"column":24},"end":{"line":16,"column":25}},"loc":{"start":{"line":16,"column":34},"end":{"line":16,"column":61}},"line":16}},"branchMap":{},"s":{"0":5,"1":5,"2":12},"f":{"0":12},"b":{},"_coverageSchema":"1a1c01bbd47fc00a2c39e90264f33305004495a9","hash":"11f544b24aa3c194abb3d0f1d702fe6badd75b53"}
,"C:\\Users\\steph\\Documents\\GitHub\\724events\\src\\pages\\Home\\index.js": {"path":"C:\\Users\\steph\\Documents\\GitHub\\724events\\src\\pages\\Home\\index.js","statementMap":{"0":{"start":{"line":15,"column":13},"end":{"line":163,"column":1}},"1":{"start":{"line":16,"column":17},"end":{"line":16,"column":26}},"2":{"start":{"line":17,"column":2},"end":{"line":162,"column":5}},"3":{"start":{"line":108,"column":12},"end":{"line":111,"column":14}},"4":{"start":{"line":109,"column":31},"end":{"line":109,"column":48}},"5":{"start":{"line":110,"column":29},"end":{"line":110,"column":33}}},"fnMap":{"0":{"name":"(anonymous_0)","decl":{"start":{"line":15,"column":13},"end":{"line":15,"column":14}},"loc":{"start":{"line":15,"column":19},"end":{"line":163,"column":1}},"line":15},"1":{"name":"(anonymous_1)","decl":{"start":{"line":107,"column":11},"end":{"line":107,"column":12}},"loc":{"start":{"line":108,"column":12},"end":{"line":111,"column":14}},"line":108},"2":{"name":"(anonymous_2)","decl":{"start":{"line":109,"column":25},"end":{"line":109,"column":26}},"loc":{"start":{"line":109,"column":31},"end":{"line":109,"column":48}},"line":109},"3":{"name":"(anonymous_3)","decl":{"start":{"line":110,"column":23},"end":{"line":110,"column":24}},"loc":{"start":{"line":110,"column":29},"end":{"line":110,"column":33}},"line":110}},"branchMap":{"0":{"loc":{"start":{"line":120,"column":11},"end":{"line":130,"column":11}},"type":"cond-expr","locations":[{"start":{"line":121,"column":12},"end":{"line":127,"column":14}},{"start":{"line":129,"column":12},"end":{"line":129,"column":39}}],"line":120}},"s":{"0":1,"1":6,"2":5,"3":6,"4":1,"5":0},"f":{"0":6,"1":6,"2":1,"3":0},"b":{"0":[0,5]},"_coverageSchema":"1a1c01bbd47fc00a2c39e90264f33305004495a9","hash":"512ddd4c6de0ccbf2bcea18c4f2bfc41a387e920"}
}
