TN:
SF:src\components\Select\index.js
FN:8,(anonymous_0)
FN:18,(anonymous_1)
FN:34,(anonymous_2)
FN:39,(anonymous_3)
FN:40,(anonymous_4)
FN:57,(anonymous_5)
FN:69,(anonymous_6)
FN:94,(anonymous_7)
FNF:8
FNH:7
FNDA:27,(anonymous_0)
FNDA:3,(anonymous_1)
FNDA:1,(anonymous_2)
FNDA:8,(anonymous_3)
FNDA:2,(anonymous_4)
FNDA:4,(anonymous_5)
FNDA:27,(anonymous_6)
FNDA:0,(anonymous_7)
DA:8,4
DA:16,27
DA:17,27
DA:18,27
DA:19,3
DA:20,3
DA:21,3
DA:23,27
DA:34,1
DA:40,8
DA:58,4
DA:59,4
DA:69,4
DA:70,27
DA:84,4
DA:93,4
DA:94,0
LF:17
LH:16
BRDA:14,0,0,0
BRDA:25,1,0,27
BRDA:25,1,1,10
BRDA:28,2,0,23
BRDA:28,2,1,4
BRDA:29,3,0,27
BRDA:29,3,1,24
BRDA:29,3,2,15
BRDA:31,4,0,27
BRDA:31,4,1,4
BRDA:33,5,0,4
BRDA:33,5,1,4
BRDA:52,6,0,27
BRDA:52,6,1,24
BRDA:56,7,0,23
BRDA:56,7,1,4
BRF:16
BRH:15
end_of_record
TN:
SF:src\containers\Events\index.js
FN:12,(anonymous_0)
FN:25,(anonymous_1)
FN:31,(anonymous_2)
FN:39,(anonymous_3)
FN:51,(anonymous_4)
FN:54,(anonymous_5)
FN:56,(anonymous_6)
FN:58,(anonymous_7)
FN:69,(anonymous_8)
FN:71,(anonymous_9)
FNF:10
FNH:8
FNDA:10,(anonymous_0)
FNDA:2,(anonymous_1)
FNDA:1,(anonymous_2)
FNDA:4,(anonymous_3)
FNDA:1,(anonymous_4)
FNDA:3,(anonymous_5)
FNDA:3,(anonymous_6)
FNDA:0,(anonymous_7)
FNDA:2,(anonymous_8)
FNDA:0,(anonymous_9)
DA:10,2
DA:12,2
DA:13,10
DA:14,8
DA:15,8
DA:18,8
DA:20,8
DA:24,8
DA:25,2
DA:29,8
DA:31,8
DA:33,1
DA:34,1
DA:38,8
DA:39,8
DA:41,8
DA:51,1
DA:55,3
DA:57,3
DA:58,0
DA:71,2
LF:21
LH:20
BRDA:24,0,0,8
BRDA:24,0,1,6
BRDA:24,1,0,1
BRDA:24,1,1,7
BRDA:43,2,0,8
BRDA:43,2,1,0
BRDA:44,3,0,1
BRDA:44,3,1,7
BRDA:51,4,0,1
BRDA:51,4,1,0
BRF:10
BRH:8
end_of_record
TN:
SF:src\containers\Form\index.js
FN:7,(anonymous_0)
FN:7,(anonymous_1)
FN:9,(anonymous_2)
FN:12,(anonymous_3)
FN:35,(anonymous_4)
FN:63,(anonymous_5)
FN:64,(anonymous_6)
FNF:7
FNH:4
FNDA:2,(anonymous_0)
FNDA:2,(anonymous_1)
FNDA:9,(anonymous_2)
FNDA:2,(anonymous_3)
FNDA:0,(anonymous_4)
FNDA:0,(anonymous_5)
FNDA:0,(anonymous_6)
DA:7,2
DA:9,2
DA:10,9
DA:11,9
DA:13,2
DA:14,2
DA:16,2
DA:17,2
DA:18,2
DA:19,0
DA:21,0
DA:22,0
DA:27,9
DA:35,0
DA:57,2
DA:62,2
DA:63,0
DA:64,0
LF:18
LH:12
BRDA:42,0,0,2
BRDA:42,0,1,7
BRF:2
BRH:2
end_of_record
TN:
SF:src\containers\Slider\index.js
FN:7,(anonymous_0)
FN:10,(anonymous_1)
FN:18,(anonymous_2)
FN:20,(anonymous_3)
FN:22,(anonymous_4)
FN:27,(anonymous_5)
FN:48,(anonymous_6)
FNF:7
FNH:6
FNDA:7,(anonymous_0)
FNDA:3,(anonymous_1)
FNDA:7,(anonymous_2)
FNDA:0,(anonymous_3)
FNDA:7,(anonymous_4)
FNDA:3,(anonymous_5)
FNDA:3,(anonymous_6)
DA:7,2
DA:8,7
DA:9,7
DA:10,7
DA:12,3
DA:16,7
DA:18,7
DA:20,7
DA:22,7
DA:23,7
DA:25,7
DA:28,3
DA:49,3
LF:13
LH:13
BRDA:12,0,0,2
BRDA:12,0,1,1
BRDA:20,1,0,0
BRDA:20,1,1,0
BRDA:31,2,0,1
BRDA:31,2,1,2
BRF:6
BRH:4
end_of_record
TN:
SF:src\contexts\DataContext\index.js
FN:13,(anonymous_0)
FN:19,(anonymous_1)
FN:22,(anonymous_2)
FN:29,(anonymous_3)
FN:35,(anonymous_4)
FN:58,(anonymous_5)
FNF:6
FNH:5
FNDA:0,(anonymous_0)
FNDA:9,(anonymous_1)
FNDA:6,(anonymous_2)
FNDA:9,(anonymous_3)
FNDA:1,(anonymous_4)
FNDA:28,(anonymous_5)
DA:10,4
DA:12,4
DA:14,0
DA:15,0
DA:19,4
DA:20,9
DA:21,9
DA:22,9
DA:23,6
DA:24,6
DA:26,2
DA:29,9
DA:30,9
DA:31,6
DA:34,9
DA:35,9
DA:36,1
DA:38,9
DA:40,9
DA:54,4
DA:58,28
LF:21
LH:19
BRDA:30,0,0,3
BRDA:30,0,1,6
BRDA:36,1,0,0
BRDA:36,1,1,1
BRF:4
BRH:3
end_of_record
TN:
SF:src\helpers\Date\index.js
FN:16,(anonymous_0)
FNF:1
FNH:1
FNDA:12,(anonymous_0)
DA:1,5
DA:16,12
LF:2
LH:2
BRF:0
BRH:0
end_of_record
TN:
SF:src\pages\Home\index.js
FN:15,(anonymous_0)
FN:107,(anonymous_1)
FN:109,(anonymous_2)
FN:110,(anonymous_3)
FNF:4
FNH:3
FNDA:6,(anonymous_0)
FNDA:6,(anonymous_1)
FNDA:1,(anonymous_2)
FNDA:0,(anonymous_3)
DA:15,1
DA:16,6
DA:17,5
DA:108,6
DA:109,1
DA:110,0
LF:6
LH:5
BRDA:120,0,0,0
BRDA:120,0,1,5
BRF:2
BRH:1
end_of_record
